c:\users\assort\source\repos\directx11framework2\gameengine\binobj_debug\gameengine.pdb
c:\users\assort\source\repos\directx11framework2\gameengine\binobj_debug\gameengine.idb
c:\users\assort\source\repos\directx11framework2\gameengine\binobj_debug\mesh2d.obj
c:\users\assort\source\repos\directx11framework2\gameengine\binobj_debug\mesh.obj
c:\users\assort\source\repos\directx11framework2\gameengine\binobj_debug\material.obj
c:\users\assort\source\repos\directx11framework2\gameengine\binobj_debug\graphicshader.obj
c:\users\assort\source\repos\directx11framework2\gameengine\binobj_debug\computeshader.obj
c:\users\assort\source\repos\directx11framework2\gameengine\binobj_debug\rendermanager.obj
c:\users\assort\source\repos\directx11framework2\gameengine\binobj_debug\ref.obj
c:\users\assort\source\repos\directx11framework2\gameengine\binobj_debug\pathmanager.obj
c:\users\assort\source\repos\directx11framework2\gameengine\binobj_debug\obj.obj
c:\users\assort\source\repos\directx11framework2\gameengine\binobj_debug\matrix.obj
c:\users\assort\source\repos\directx11framework2\gameengine\binobj_debug\gamemode.obj
c:\users\assort\source\repos\directx11framework2\gameengine\binobj_debug\engine.obj
c:\users\assort\source\repos\directx11framework2\gameengine\binobj_debug\device.obj
c:\users\assort\source\repos\directx11framework2\gameengine\binobj_debug\transform.obj
c:\users\assort\source\repos\directx11framework2\gameengine\binobj_debug\staticmeshcomponent.obj
c:\users\assort\source\repos\directx11framework2\gameengine\binobj_debug\scenecomponent.obj
c:\users\assort\source\repos\directx11framework2\gameengine\binobj_debug\objcomponent.obj
c:\users\assort\source\repos\directx11framework2\gameengine\binobj_debug\meshcomponent.obj
c:\users\assort\source\repos\directx11framework2\gameengine\binobj_debug\mesh2dcomponent.obj
c:\users\assort\source\repos\directx11framework2\gameengine\binobj_debug\component.obj
c:\users\assort\source\repos\directx11framework2\gameengine\binobj_debug\vector4.obj
c:\users\assort\source\repos\directx11framework2\gameengine\binobj_debug\vector3.obj
c:\users\assort\source\repos\directx11framework2\gameengine\binobj_debug\vector2.obj
c:\users\assort\source\repos\directx11framework2\gameengine\binobj_debug\timer.obj
c:\users\assort\source\repos\directx11framework2\gameengine\binobj_debug\sceneresource.obj
c:\users\assort\source\repos\directx11framework2\gameengine\binobj_debug\scenemanager.obj
c:\users\assort\source\repos\directx11framework2\gameengine\binobj_debug\scene.obj
c:\users\assort\source\repos\directx11framework2\gameengine\binobj_debug\staticmesh.obj
c:\users\assort\source\repos\directx11framework2\gameengine\binobj_debug\shadermanager.obj
c:\users\assort\source\repos\directx11framework2\gameengine\binobj_debug\shader.obj
c:\users\assort\source\repos\directx11framework2\gameengine\binobj_debug\resourcemanager.obj
c:\users\assort\source\repos\directx11framework2\gameengine\bin\vertexshader.cso
c:\users\assort\source\repos\directx11framework2\gameengine\bin\gameengine_debug.lib
c:\users\assort\source\repos\directx11framework2\gameengine\binobj_debug\gameengine.res
c:\users\assort\source\repos\directx11framework2\gameengine\include\../bin/gameengine_debug.lib
c:\users\assort\source\repos\directx11framework2\gameengine\binobj_debug\gameengine.tlog\cl.command.1.tlog
c:\users\assort\source\repos\directx11framework2\gameengine\binobj_debug\gameengine.tlog\cl.read.1.tlog
c:\users\assort\source\repos\directx11framework2\gameengine\binobj_debug\gameengine.tlog\cl.write.1.tlog
c:\users\assort\source\repos\directx11framework2\gameengine\binobj_debug\gameengine.tlog\fxc.command.1.tlog
c:\users\assort\source\repos\directx11framework2\gameengine\binobj_debug\gameengine.tlog\fxc.read.1.tlog
c:\users\assort\source\repos\directx11framework2\gameengine\binobj_debug\gameengine.tlog\fxc.write.1.tlog
c:\users\assort\source\repos\directx11framework2\gameengine\binobj_debug\gameengine.tlog\lib-link-cvtres.read.1.tlog
c:\users\assort\source\repos\directx11framework2\gameengine\binobj_debug\gameengine.tlog\lib-link-cvtres.write.1.tlog
c:\users\assort\source\repos\directx11framework2\gameengine\binobj_debug\gameengine.tlog\lib.command.1.tlog
c:\users\assort\source\repos\directx11framework2\gameengine\binobj_debug\gameengine.tlog\rc.command.1.tlog
c:\users\assort\source\repos\directx11framework2\gameengine\binobj_debug\gameengine.tlog\rc.read.1.tlog
c:\users\assort\source\repos\directx11framework2\gameengine\binobj_debug\gameengine.tlog\rc.write.1.tlog
