c:\users\assort\source\repos\directx11framework2\gameclient\binobj_debug\vc142.pdb
c:\users\assort\source\repos\directx11framework2\gameclient\binobj_debug\vc142.idb
c:\users\assort\source\repos\directx11framework2\gameclient\binobj_debug\player.obj
c:\users\assort\source\repos\directx11framework2\gameclient\binobj_debug\minion.obj
c:\users\assort\source\repos\directx11framework2\gameclient\binobj_debug\iceball.obj
c:\users\assort\source\repos\directx11framework2\gameclient\binobj_debug\bullet.obj
c:\users\assort\source\repos\directx11framework2\gameclient\binobj_debug\bow.obj
c:\users\assort\source\repos\directx11framework2\gameclient\binobj_debug\arrow.obj
c:\users\assort\source\repos\directx11framework2\gameclient\binobj_debug\main.obj
c:\users\assort\source\repos\directx11framework2\gameclient\binobj_debug\maingamemode.obj
c:\users\assort\source\repos\directx11framework2\gameclient\binobj_debug\client.obj
c:\users\assort\source\repos\directx11framework2\gameclient\bin\gameclient_debug.lib
c:\users\assort\source\repos\directx11framework2\gameclient\bin\gameclient_debug.exp
c:\users\assort\source\repos\directx11framework2\gameclient\bin\gameclient_debug.exe
c:\users\assort\source\repos\directx11framework2\gameclient\bin\gameclient_debug.ilk
c:\users\assort\source\repos\directx11framework2\gameclient\bin\gameclient_debug.pdb
c:\users\assort\source\repos\directx11framework2\gameclient\binobj_debug\../bin/gameclient_debug.pdb
c:\users\assort\source\repos\directx11framework2\gameclient\include\../bin/gameclient_debug.exe
c:\users\assort\source\repos\directx11framework2\gameclient\binobj_debug\../bin/gameclient_debug.ilk
c:\users\assort\source\repos\directx11framework2\gameclient\binobj_debug\gameclient.tlog\cl.command.1.tlog
c:\users\assort\source\repos\directx11framework2\gameclient\binobj_debug\gameclient.tlog\cl.read.1.tlog
c:\users\assort\source\repos\directx11framework2\gameclient\binobj_debug\gameclient.tlog\cl.write.1.tlog
c:\users\assort\source\repos\directx11framework2\gameclient\binobj_debug\gameclient.tlog\gameclient.write.1u.tlog
c:\users\assort\source\repos\directx11framework2\gameclient\binobj_debug\gameclient.tlog\link.command.1.tlog
c:\users\assort\source\repos\directx11framework2\gameclient\binobj_debug\gameclient.tlog\link.read.1.tlog
c:\users\assort\source\repos\directx11framework2\gameclient\binobj_debug\gameclient.tlog\link.write.1.tlog
